{"/home/movinvinusandha/Workspace/projects/jenkins-test-2/src/App.css": {"path":"/home/movinvinusandha/Workspace/projects/jenkins-test-2/src/App.css","statementMap":{},"fnMap":{},"branchMap":{},"s":{},"f":{},"b":{},"meta":{"lastBranch":0,"lastFunction":0,"lastStatement":0,"seen":{},"fnNames":{}}}
,"/home/movinvinusandha/Workspace/projects/jenkins-test-2/src/App.tsx": {"path":"/home/movinvinusandha/Workspace/projects/jenkins-test-2/src/App.tsx","statementMap":{"0":{"start":{"line":8,"column":28},"end":{"line":8,"column":null}},"1":{"start":{"line":10,"column":2},"end":{"line":118,"column":null}},"2":{"start":{"line":27,"column":25},"end":{"line":27,"column":null}},"3":{"start":{"line":27,"column":45},"end":{"line":27,"column":54}}},"fnMap":{"0":{"name":"App","decl":{"start":{"line":7,"column":9},"end":{"line":7,"column":15}},"loc":{"start":{"line":7,"column":15},"end":{"line":120,"column":null}},"line":7},"1":{"name":"(anonymous_1)","decl":{"start":{"line":27,"column":10},"end":{"line":27,"column":25}},"loc":{"start":{"line":27,"column":25},"end":{"line":27,"column":null}},"line":27},"2":{"name":"(anonymous_2)","decl":{"start":{"line":27,"column":25},"end":{"line":27,"column":35}},"loc":{"start":{"line":27,"column":45},"end":{"line":27,"column":54}},"line":27}},"branchMap":{},"s":{"0":15,"1":15,"2":4,"3":4},"f":{"0":15,"1":4,"2":4},"b":{},"meta":{"lastBranch":0,"lastFunction":3,"lastStatement":4,"seen":{"f:7:9:7:15":0,"s:8:28:8:Infinity":0,"s:10:2:118:Infinity":1,"f:27:10:27:25":1,"s:27:25:27:Infinity":2,"f:27:25:27:35":2,"s:27:45:27:54":3},"fnNames":{}}}
,"/home/movinvinusandha/Workspace/projects/jenkins-test-2/src/assets/hero.png": {"path":"/home/movinvinusandha/Workspace/projects/jenkins-test-2/src/assets/hero.png","statementMap":{},"fnMap":{},"branchMap":{},"s":{},"f":{},"b":{},"meta":{"lastBranch":0,"lastFunction":0,"lastStatement":0,"seen":{},"fnNames":{}}}
,"/home/movinvinusandha/Workspace/projects/jenkins-test-2/src/assets/react.svg": {"path":"/home/movinvinusandha/Workspace/projects/jenkins-test-2/src/assets/react.svg","statementMap":{},"fnMap":{},"branchMap":{},"s":{},"f":{},"b":{},"meta":{"lastBranch":0,"lastFunction":0,"lastStatement":0,"seen":{},"fnNames":{}}}
,"/home/movinvinusandha/Workspace/projects/jenkins-test-2/src/assets/vite.svg": {"path":"/home/movinvinusandha/Workspace/projects/jenkins-test-2/src/assets/vite.svg","statementMap":{},"fnMap":{},"branchMap":{},"s":{},"f":{},"b":{},"meta":{"lastBranch":0,"lastFunction":0,"lastStatement":0,"seen":{},"fnNames":{}}}
}
